[debug] [2021-10-16T02:41:07.522Z] ----------------------------------------------------------------------
[debug] [2021-10-16T02:41:07.525Z] Command:       C:\Program Files\nodejs\node.exe C:\Users\NyctoNid\AppData\Roaming\npm\node_modules\firebase-tools\lib\bin\firebase.js init
[debug] [2021-10-16T02:41:07.526Z] CLI Version:   9.10.0
[debug] [2021-10-16T02:41:07.526Z] Platform:      win32
[debug] [2021-10-16T02:41:07.526Z] Node Version:  v14.15.3
[debug] [2021-10-16T02:41:07.534Z] Time:          Sat Oct 16 2021 08:11:07 GMT+0530 (India Standard Time)
[debug] [2021-10-16T02:41:07.535Z] ----------------------------------------------------------------------
[debug] 
[debug] [2021-10-16T02:41:07.538Z] >>> [apiv2][query] GET https://firebase-public.firebaseio.com/cli.json [none]
[debug] [2021-10-16T02:41:07.563Z] > command requires scopes: ["email","openid","https://www.googleapis.com/auth/cloudplatformprojects.readonly","https://www.googleapis.com/auth/firebase","https://www.googleapis.com/auth/cloud-platform"]
[debug] [2021-10-16T02:41:07.563Z] > authorizing via signed-in user (nidhey60@gmail.com)
[info] 
     ######## #### ########  ######## ########     ###     ######  ########
     ##        ##  ##     ## ##       ##     ##  ##   ##  ##       ##
     ######    ##  ########  ######   ########  #########  ######  ######
     ##        ##  ##    ##  ##       ##     ## ##     ##       ## ##
     ##       #### ##     ## ######## ########  ##     ##  ######  ########

You're about to initialize a Firebase project in this directory:

  C:\Chat App\solarCMS

Before we get started, keep in mind:

  * You are currently outside your home directory
  * You are initializing in an existing Firebase project directory

[debug] [2021-10-16T02:41:08.916Z] <<< [apiv2][status] GET https://firebase-public.firebaseio.com/cli.json 200
[debug] [2021-10-16T02:41:08.916Z] <<< [apiv2][body] GET https://firebase-public.firebaseio.com/cli.json {"cloudBuildErrorAfter":1594252800000,"cloudBuildWarnAfter":1590019200000,"defaultNode10After":1594252800000,"minVersion":"3.0.5","node8DeploysDisabledAfter":1613390400000,"node8RuntimeDisabledAfter":1615809600000,"node8WarnAfter":1600128000000}
[info] 
=== Project Setup
[info] 
[info] First, let's associate this project directory with a Firebase project.
[info] You can create multiple project aliases by running firebase use --add, 
[info] but for now we'll just set up a default project.
[info] 
[info] i  .firebaserc already has a default project, using solarcms-34864. 
[debug] [2021-10-16T02:41:10.638Z] > refreshing access token with scopes: []
[debug] [2021-10-16T02:41:10.638Z] >>> HTTP REQUEST POST https://www.googleapis.com/oauth2/v3/token  
 <request body omitted>
[debug] [2021-10-16T02:41:11.168Z] <<< HTTP RESPONSE 200 {"pragma":"no-cache","cache-control":"no-cache, no-store, max-age=0, must-revalidate","expires":"Mon, 01 Jan 1990 00:00:00 GMT","date":"Sat, 16 Oct 2021 02:41:12 GMT","content-type":"application/json; charset=utf-8","vary":"X-Origin, Referer, Origin,Accept-Encoding","server":"scaffolding on HTTPServer2","x-xss-protection":"0","x-frame-options":"SAMEORIGIN","x-content-type-options":"nosniff","alt-svc":"h3=\":443\"; ma=2592000,h3-29=\":443\"; ma=2592000,h3-T051=\":443\"; ma=2592000,h3-Q050=\":443\"; ma=2592000,h3-Q046=\":443\"; ma=2592000,h3-Q043=\":443\"; ma=2592000,quic=\":443\"; ma=2592000; v=\"46,43\"","accept-ranges":"none","transfer-encoding":"chunked"}
[debug] [2021-10-16T02:41:11.179Z] >>> [apiv2][query] GET https://firebase.googleapis.com/v1beta1/projects/solarcms-34864 [none]
[debug] [2021-10-16T02:41:11.786Z] <<< [apiv2][status] GET https://firebase.googleapis.com/v1beta1/projects/solarcms-34864 403
[debug] [2021-10-16T02:41:11.787Z] <<< [apiv2][body] GET https://firebase.googleapis.com/v1beta1/projects/solarcms-34864 {"error":{"code":403,"message":"The caller does not have permission","status":"PERMISSION_DENIED"}}
[debug] [2021-10-16T02:41:11.787Z] HTTP Error: 403, The caller does not have permission
[debug] [2021-10-16T02:41:11.788Z] FirebaseError: HTTP Error: 403, The caller does not have permission
    at module.exports (C:\Users\NyctoNid\AppData\Roaming\npm\node_modules\firebase-tools\lib\responseToError.js:38:12)
    at Client.doRequest (C:\Users\NyctoNid\AppData\Roaming\npm\node_modules\firebase-tools\lib\apiv2.js:238:23)
    at processTicksAndRejections (internal/process/task_queues.js:93:5)
    at async Client.request (C:\Users\NyctoNid\AppData\Roaming\npm\node_modules\firebase-tools\lib\apiv2.js:96:20)
    at async Object.getFirebaseProject (C:\Users\NyctoNid\AppData\Roaming\npm\node_modules\firebase-tools\lib\management\projects.js:290:21)
    at async Object.doSetup [as project] (C:\Users\NyctoNid\AppData\Roaming\npm\node_modules\firebase-tools\lib\init\features\project.js:77:27)
    at async init (C:\Users\NyctoNid\AppData\Roaming\npm\node_modules\firebase-tools\lib\init\index.js:19:9)
[error] 
[error] Error: Failed to get Firebase project solarcms-34864. Please make sure the project exists and your account has permission to access it.
[debug] [2021-10-16T02:41:31.287Z] ----------------------------------------------------------------------
[debug] [2021-10-16T02:41:31.289Z] Command:       C:\Program Files\nodejs\node.exe C:\Users\NyctoNid\AppData\Roaming\npm\node_modules\firebase-tools\lib\bin\firebase.js init
[debug] [2021-10-16T02:41:31.289Z] CLI Version:   9.10.0
[debug] [2021-10-16T02:41:31.290Z] Platform:      win32
[debug] [2021-10-16T02:41:31.290Z] Node Version:  v14.15.3
[debug] [2021-10-16T02:41:31.291Z] Time:          Sat Oct 16 2021 08:11:31 GMT+0530 (India Standard Time)
[debug] [2021-10-16T02:41:31.291Z] ----------------------------------------------------------------------
[debug] 
[debug] [2021-10-16T02:41:31.298Z] > command requires scopes: ["email","openid","https://www.googleapis.com/auth/cloudplatformprojects.readonly","https://www.googleapis.com/auth/firebase","https://www.googleapis.com/auth/cloud-platform"]
[debug] [2021-10-16T02:41:31.299Z] > authorizing via signed-in user (nidhey60@gmail.com)
[info] 
     ######## #### ########  ######## ########     ###     ######  ########
     ##        ##  ##     ## ##       ##     ##  ##   ##  ##       ##
     ######    ##  ########  ######   ########  #########  ######  ######
     ##        ##  ##    ##  ##       ##     ## ##     ##       ## ##
     ##       #### ##     ## ######## ########  ##     ##  ######  ########

You're about to initialize a Firebase project in this directory:

  C:\Chat App\solarCMS

Before we get started, keep in mind:

  * You are currently outside your home directory
  * You are initializing in an existing Firebase project directory

[info] 
=== Project Setup
[info] 
[info] First, let's associate this project directory with a Firebase project.
[info] You can create multiple project aliases by running firebase use --add, 
[info] but for now we'll just set up a default project.
[info] 
[info] i  .firebaserc already has a default project, using solarcms-34864. 
[debug] [2021-10-16T02:41:37.039Z] >>> [apiv2][query] GET https://firebase.googleapis.com/v1beta1/projects/solarcms-34864 [none]
[debug] [2021-10-16T02:41:37.723Z] <<< [apiv2][status] GET https://firebase.googleapis.com/v1beta1/projects/solarcms-34864 403
[debug] [2021-10-16T02:41:37.723Z] <<< [apiv2][body] GET https://firebase.googleapis.com/v1beta1/projects/solarcms-34864 {"error":{"code":403,"message":"The caller does not have permission","status":"PERMISSION_DENIED"}}
[debug] [2021-10-16T02:41:37.724Z] HTTP Error: 403, The caller does not have permission
[debug] [2021-10-16T02:41:37.725Z] FirebaseError: HTTP Error: 403, The caller does not have permission
    at module.exports (C:\Users\NyctoNid\AppData\Roaming\npm\node_modules\firebase-tools\lib\responseToError.js:38:12)
    at Client.doRequest (C:\Users\NyctoNid\AppData\Roaming\npm\node_modules\firebase-tools\lib\apiv2.js:238:23)
    at processTicksAndRejections (internal/process/task_queues.js:93:5)
    at async Client.request (C:\Users\NyctoNid\AppData\Roaming\npm\node_modules\firebase-tools\lib\apiv2.js:96:20)
    at async Object.getFirebaseProject (C:\Users\NyctoNid\AppData\Roaming\npm\node_modules\firebase-tools\lib\management\projects.js:290:21)
    at async Object.doSetup [as project] (C:\Users\NyctoNid\AppData\Roaming\npm\node_modules\firebase-tools\lib\init\features\project.js:77:27)
    at async init (C:\Users\NyctoNid\AppData\Roaming\npm\node_modules\firebase-tools\lib\init\index.js:19:9)
[error] 
[error] Error: Failed to get Firebase project solarcms-34864. Please make sure the project exists and your account has permission to access it.
